Build started 2014-04-20 23:30:26.
     1>Project "C:\Users\Orre\Documents\Desktop\GitHub\TP14\PrototypeGame\TP14\TP14.vcxproj" on node 2 (Build target(s)).
     1>ClCompile:
         C:\Program Files (x86)\Microsoft Visual Studio 12.0\VC\bin\CL.exe /c /I"../deps/SFML-2.1/include" /I../deps/Thor/include /I../deps/Aurora /I../deps/Box2D /ZI /nologo /W3 /WX- /sdl /Od /Oy- /D WIN32 /D _DEBUG /D _CONSOLE /D _LIB /D _UNICODE /D UNICODE /Gm /EHsc /RTC1 /MDd /GS /fp:precise /Zc:wchar_t /Zc:forScope /Fo"Debug\\" /Fd"Debug\vc120.pdb" /Gd /TP /analyze- /errorReport:prompt main.cpp
         main.cpp
     1>c:\users\orre\documents\desktop\github\tp14\prototypegame\tp14\main.cpp(524): warning C4305: '=' : truncation from 'double' to 'float32'
     1>c:\users\orre\documents\desktop\github\tp14\prototypegame\tp14\main.cpp(546): warning C4305: '=' : truncation from 'double' to 'float32'
     1>c:\users\orre\documents\desktop\github\tp14\prototypegame\tp14\main.cpp(872): warning C4018: '<' : signed/unsigned mismatch
     1>c:\users\orre\documents\desktop\github\tp14\prototypegame\tp14\main.cpp(1002): warning C4018: '<' : signed/unsigned mismatch
     1>c:\program files (x86)\microsoft visual studio 12.0\vc\include\xmemory0(600): warning C4244: 'argument' : conversion from 'int' to 'float', possible loss of data
                 c:\program files (x86)\microsoft visual studio 12.0\vc\include\xmemory0(723) : see reference to function template instantiation 'void std::allocator<_Ty>::construct<_Objty,int,int>(_Objty *,int &&,int &&)' being compiled
                 with
                 [
                     _Ty=sf::Vector2f
         ,            _Objty=sf::Vector2<float>
                 ]
                 c:\program files (x86)\microsoft visual studio 12.0\vc\include\xmemory0(723) : see reference to function template instantiation 'void std::allocator<_Ty>::construct<_Objty,int,int>(_Objty *,int &&,int &&)' being compiled
                 with
                 [
                     _Ty=sf::Vector2f
         ,            _Objty=sf::Vector2<float>
                 ]
                 c:\program files (x86)\microsoft visual studio 12.0\vc\include\xmemory0(872) : see reference to function template instantiation 'void std::allocator_traits<_Alloc>::construct<_Ty,int,int>(std::allocator<_Ty> &,_Objty *,int &&,int &&)' being compiled
                 with
                 [
                     _Alloc=std::allocator<sf::Vector2f>
         ,            _Ty=sf::Vector2<float>
         ,            _Objty=sf::Vector2<float>
                 ]
                 c:\program files (x86)\microsoft visual studio 12.0\vc\include\xmemory0(872) : see reference to function template instantiation 'void std::allocator_traits<_Alloc>::construct<_Ty,int,int>(std::allocator<_Ty> &,_Objty *,int &&,int &&)' being compiled
                 with
                 [
                     _Alloc=std::allocator<sf::Vector2f>
         ,            _Ty=sf::Vector2<float>
         ,            _Objty=sf::Vector2<float>
                 ]
                 c:\program files (x86)\microsoft visual studio 12.0\vc\include\vector(899) : see reference to function template instantiation 'void std::_Wrap_alloc<std::allocator<_Ty>>::construct<sf::Vector2<float>,int,int>(_Ty *,int &&,int &&)' being compiled
                 with
                 [
                     _Ty=sf::Vector2f
                 ]
                 c:\program files (x86)\microsoft visual studio 12.0\vc\include\vector(899) : see reference to function template instantiation 'void std::_Wrap_alloc<std::allocator<_Ty>>::construct<sf::Vector2<float>,int,int>(_Ty *,int &&,int &&)' being compiled
                 with
                 [
                     _Ty=sf::Vector2f
                 ]
                 c:\users\orre\documents\desktop\github\tp14\prototypegame\tp14\main.cpp(456) : see reference to function template instantiation 'void std::vector<sf::Vector2f,std::allocator<_Ty>>::emplace_back<int,int>(int &&,int &&)' being compiled
                 with
                 [
                     _Ty=sf::Vector2f
                 ]
                 c:\users\orre\documents\desktop\github\tp14\prototypegame\tp14\main.cpp(456) : see reference to function template instantiation 'void std::vector<sf::Vector2f,std::allocator<_Ty>>::emplace_back<int,int>(int &&,int &&)' being compiled
                 with
                 [
                     _Ty=sf::Vector2f
                 ]
       Link:
         C:\Program Files (x86)\Microsoft Visual Studio 12.0\VC\bin\link.exe /ERRORREPORT:PROMPT /OUT:"C:\Users\Orre\Documents\Desktop\GitHub\TP14\PrototypeGame\Debug\TP14.exe" /INCREMENTAL /NOLOGO /LIBPATH:../deps/Thor/lib /LIBPATH:"..\deps\SFML-2.1\lib\\" /LIBPATH:../deps/Box2D/lib/ "sfml-window-d.lib" "sfml-graphics-d.lib" "sfml-network-d.lib" "sfml-audio-d.lib" "sfml-system-d.lib" "thor-d.lib" "Box2D-d.lib" kernel32.lib user32.lib gdi32.lib winspool.lib comdlg32.lib advapi32.lib shell32.lib ole32.lib oleaut32.lib uuid.lib odbc32.lib odbccp32.lib /MANIFEST /MANIFESTUAC:"level='asInvoker' uiAccess='false'" /manifest:embed /DEBUG /PDB:"C:\Users\Orre\Documents\Desktop\GitHub\TP14\PrototypeGame\Debug\TP14.pdb" /SUBSYSTEM:CONSOLE /TLBID:1 /DYNAMICBASE /NXCOMPAT /IMPLIB:"C:\Users\Orre\Documents\Desktop\GitHub\TP14\PrototypeGame\Debug\TP14.lib" /MACHINE:X86 Debug\Audiosystem.obj
         Debug\FollowBall.obj
         Debug\linux_evdev.obj
         Debug\macosx_hidmanager.obj
         Debug\macosx_hidutilities.obj
         Debug\main.obj
         Debug\manymouse.obj
         Debug\returnhome.obj
         Debug\Stalker.obj
         Debug\windows_wminput.obj
         Debug\x11_xinput2.obj
         TP14.vcxproj -> C:\Users\Orre\Documents\Desktop\GitHub\TP14\PrototypeGame\Debug\TP14.exe
     1>Done Building Project "C:\Users\Orre\Documents\Desktop\GitHub\TP14\PrototypeGame\TP14\TP14.vcxproj" (Build target(s)).

Build succeeded.

Time Elapsed 00:00:01.76
